\BOOKMARK [0][-]{chapter*.2}{Resumen}{}% 1
\BOOKMARK [0][-]{chapter*.3}{Marco colaborativo}{}% 2
\BOOKMARK [0][-]{chapter.1}{Introducci\363n}{}% 3
\BOOKMARK [1][-]{section.1.1}{Motivaci\363n}{chapter.1}% 4
\BOOKMARK [1][-]{section.1.2}{Objetivos}{chapter.1}% 5
\BOOKMARK [1][-]{section.1.3}{Gu\355a de la memoria}{chapter.1}% 6
\BOOKMARK [0][-]{chapter.2}{Estado del arte}{}% 7
\BOOKMARK [1][-]{section.2.1}{Componentes y t\351rminos del BRDF basado en microfacetas}{chapter.2}% 8
\BOOKMARK [2][-]{subsection.2.1.1}{Componente difusa}{section.2.1}% 9
\BOOKMARK [2][-]{subsection.2.1.2}{Componente especular}{section.2.1}% 10
\BOOKMARK [1][-]{section.2.2}{Luz indirecta en sistemas de renderizado interactivos}{chapter.2}% 11
\BOOKMARK [2][-]{subsection.2.2.1}{C\341lculo de la componente difusa}{section.2.2}% 12
\BOOKMARK [2][-]{subsection.2.2.2}{C\341lculo de la componente especular}{section.2.2}% 13
\BOOKMARK [1][-]{section.2.3}{Modelos de renderizado interactivos de referencia}{chapter.2}% 14
\BOOKMARK [0][-]{chapter.3}{PBR}{}% 15
\BOOKMARK [1][-]{section.3.1}{Unidades radiom\351tricas}{chapter.3}% 16
\BOOKMARK [1][-]{section.3.2}{Ecuaci\363n de render}{chapter.3}% 17
\BOOKMARK [1][-]{section.3.3}{BRDF}{chapter.3}% 18
\BOOKMARK [2][-]{subsection.3.3.1}{Teor\355a de microfacetas}{section.3.3}% 19
\BOOKMARK [2][-]{subsection.3.3.2}{Tipos de BRDFs}{section.3.3}% 20
\BOOKMARK [1][-]{section.3.4}{Modelo de Cook-Torrance}{chapter.3}% 21
\BOOKMARK [2][-]{subsection.3.4.1}{Componente difusa}{section.3.4}% 22
\BOOKMARK [2][-]{subsection.3.4.2}{Componente especular}{section.3.4}% 23
\BOOKMARK [1][-]{section.3.5}{Modelo de Disney 2012}{chapter.3}% 24
\BOOKMARK [2][-]{subsection.3.5.1}{Componente difusa}{section.3.5}% 25
\BOOKMARK [2][-]{subsection.3.5.2}{Componente especular}{section.3.5}% 26
\BOOKMARK [1][-]{section.3.6}{Iluminaci\363n indirecta en entornos interactivos}{chapter.3}% 27
\BOOKMARK [2][-]{subsection.3.6.1}{Componente difusa}{section.3.6}% 28
\BOOKMARK [2][-]{subsection.3.6.2}{Componente especular}{section.3.6}% 29
\BOOKMARK [0][-]{chapter.4}{Desarrollo de infraestructura y servicios web}{}% 30
\BOOKMARK [1][-]{section.4.1}{Servicios en la nube de Seddi}{chapter.4}% 31
\BOOKMARK [2][-]{subsection.4.1.1}{Implementaci\363n del modelo de datos}{section.4.1}% 32
\BOOKMARK [2][-]{subsection.4.1.2}{Actualizaci\363n de las interfaces de servicios REST}{section.4.1}% 33
\BOOKMARK [1][-]{section.4.2}{Motor de renderizado de Author}{chapter.4}% 34
\BOOKMARK [2][-]{subsection.4.2.1}{Arquitectura del sistema de renderizado de ThreeJs}{section.4.2}% 35
\BOOKMARK [2][-]{subsection.4.2.2}{Materiales PBR en ThreeJs}{section.4.2}% 36
\BOOKMARK [0][-]{chapter.5}{Modelos de iluminaci\363n para tejidos}{}% 37
\BOOKMARK [1][-]{section.5.1}{Integraci\363n de una nueva clase de material en ThreeJs}{chapter.5}% 38
\BOOKMARK [1][-]{section.5.2}{Integraci\363n del nuevo shader sobre ThreeJs}{chapter.5}% 39
\BOOKMARK [2][-]{subsection.5.2.1}{Componente difusa}{section.5.2}% 40
\BOOKMARK [2][-]{subsection.5.2.2}{Componente especular}{section.5.2}% 41
\BOOKMARK [2][-]{subsection.5.2.3}{Iluminaci\363n indirecta}{section.5.2}% 42
\BOOKMARK [1][-]{section.5.3}{Resultados}{chapter.5}% 43
\BOOKMARK [0][-]{chapter.6}{Conclusiones y trabajo futuro}{}% 44
