\BOOKMARK [0][-]{chapter.1}{Introducci\363n}{}% 1
\BOOKMARK [0][-]{chapter.2}{Objetivo}{}% 2
\BOOKMARK [0][-]{chapter.3}{Contexto}{}% 3
\BOOKMARK [1][-]{section.3.1}{Caracteristicas: especial atenci\363n a los tejidos.}{chapter.3}% 4
\BOOKMARK [1][-]{section.3.2}{Author: aplicaci\363n web donde el usuario dise\361a sus creaciones}{chapter.3}% 5
\BOOKMARK [0][-]{chapter.4}{Conceptos previos}{}% 6
\BOOKMARK [1][-]{section.4.1}{Render}{chapter.4}% 7
\BOOKMARK [1][-]{section.4.2}{Modelo f\355sico de la luz}{chapter.4}% 8
\BOOKMARK [2][-]{subsection.4.2.1}{Unidades de medida de la luz}{section.4.2}% 9
\BOOKMARK [1][-]{section.4.3}{Ecuaci\363n de render}{chapter.4}% 10
\BOOKMARK [1][-]{section.4.4}{PBR}{chapter.4}% 11
\BOOKMARK [2][-]{subsection.4.4.1}{C\341mara}{section.4.4}% 12
\BOOKMARK [2][-]{subsection.4.4.2}{Iluminaci\363n}{section.4.4}% 13
\BOOKMARK [3][-]{subsubsection.4.4.2.1}{Emisores de luz}{subsection.4.4.2}% 14
\BOOKMARK [3][-]{subsubsection.4.4.2.2}{Luz directa}{subsection.4.4.2}% 15
\BOOKMARK [3][-]{subsubsection.4.4.2.3}{Luz indirecta}{subsection.4.4.2}% 16
\BOOKMARK [1][-]{section.4.5}{Materiales}{chapter.4}% 17
\BOOKMARK [2][-]{subsection.4.5.1}{Teor\355a de microfacetas}{section.4.5}% 18
\BOOKMARK [2][-]{subsection.4.5.2}{BxDF}{section.4.5}% 19
\BOOKMARK [2][-]{subsection.4.5.3}{T\351rminos del BRDF}{section.4.5}% 20
\BOOKMARK [1][-]{section.4.6}{Disney Principled}{chapter.4}% 21
\BOOKMARK [0][-]{chapter.5}{Estado del arte}{}% 22
\BOOKMARK [0][-]{chapter.6}{An\341lisis}{}% 23
\BOOKMARK [1][-]{section.6.1}{Comparaci\363n ThreeJS - Disney 2012}{chapter.6}% 24
\BOOKMARK [2][-]{subsection.6.1.1}{Esquema BRDF ThreeJS}{section.6.1}% 25
\BOOKMARK [2][-]{subsection.6.1.2}{Iluminaci\363n directa}{section.6.1}% 26
\BOOKMARK [3][-]{subsubsection.6.1.2.1}{Difuso}{subsection.6.1.2}% 27
\BOOKMARK [3][-]{subsubsection.6.1.2.2}{L\363bulo primario \(material base\)}{subsection.6.1.2}% 28
\BOOKMARK [3][-]{subsubsection.6.1.2.3}{L\363bulo secundario \(clearcoat\)}{subsection.6.1.2}% 29
\BOOKMARK [3][-]{subsubsection.6.1.2.4}{L\363bulo secundario \(clearcoat\)}{subsection.6.1.2}% 30
\BOOKMARK [3][-]{subsubsection.6.1.2.5}{L\363bulo terciario \(sheen\)}{subsection.6.1.2}% 31
\BOOKMARK [2][-]{subsection.6.1.3}{Iluminaci\363n indirecta}{section.6.1}% 32
\BOOKMARK [0][-]{chapter.7}{Resultados}{}% 33
\BOOKMARK [0][-]{chapter.8}{Conclusi\363n}{}% 34
